Terminals unused in grammar

   ERROR


State 11 conflicts: 1 shift/reduce
State 116 conflicts: 15 shift/reduce
State 134 conflicts: 9 shift/reduce
State 145 conflicts: 9 shift/reduce


Grammar

    0 $accept: program $end

    1 program: class_list

    2 class_list: class ';'
    3           | class_list class ';'
    4           | error ';' class_list

    5 class: CLASS TYPEID '{' feature_list '}'
    6      | CLASS TYPEID INHERITS TYPEID '{' feature_list '}'

    7 feature_list: feature_list feature ';'
    8             | /* empty */
    9             | feature_list feature ';' error ';'

   10 feature: OBJECTID '(' formal_list ')' ':' TYPEID '{' expr '}'
   11        | OBJECTID ':' TYPEID
   12        | OBJECTID ':' TYPEID ASSIGN expr

   13 formal_list: formal_list_oneOrMore
   14            | /* empty */

   15 formal_list_oneOrMore: formal
   16                      | formal_list_oneOrMore ',' formal

   17 formal: OBJECTID ':' TYPEID

   18 expr_list: /* empty */
   19          | expr_list_oneOrMore

   20 expr_list_oneOrMore: expr
   21                    | expr_list_oneOrMore ',' expr

   22 expr: OBJECTID ASSIGN expr
   23     | expr '.' OBJECTID '(' expr_list ')'
   24     | expr '@' TYPEID '.' OBJECTID '(' expr_list ')'
   25     | OBJECTID '(' expr_list ')'
   26     | IF expr THEN expr ELSE expr FI
   27     | WHILE expr LOOP expr POOL
   28     | '{' expr_list_semicolon '}'
   29     | LET let_expr
   30     | CASE expr OF case_list ESAC
   31     | NEW TYPEID
   32     | ISVOID expr
   33     | expr '+' expr
   34     | expr '-' expr
   35     | expr '*' expr
   36     | expr '/' expr
   37     | '~' expr
   38     | expr '<' expr
   39     | expr LE expr
   40     | expr '=' expr
   41     | NOT expr
   42     | '(' expr ')'
   43     | OBJECTID
   44     | INT_CONST
   45     | STR_CONST
   46     | BOOL_CONST

   47 expr_list_semicolon: expr ';'
   48                    | expr_list_semicolon expr ';'
   49                    | error ';' expr_list_semicolon
   50                    | expr_list_semicolon error ';'

   51 let_expr: OBJECTID ':' TYPEID IN expr
   52         | OBJECTID ':' TYPEID ASSIGN expr IN expr
   53         | OBJECTID ':' TYPEID ',' let_expr
   54         | OBJECTID ':' TYPEID ASSIGN expr ',' let_expr
   55         | error ',' let_expr

   56 case_list: case
   57          | case_list case

   58 case: OBJECTID ':' TYPEID DARROW expr ';'


Terminals, with rules where they appear

$end (0) 0
'(' (40) 10 23 24 25 42
')' (41) 10 23 24 25 42
'*' (42) 35
'+' (43) 33
',' (44) 16 21 53 54 55
'-' (45) 34
'.' (46) 23 24
'/' (47) 36
':' (58) 10 11 12 17 51 52 53 54 58
';' (59) 2 3 4 7 9 47 48 49 50 58
'<' (60) 38
'=' (61) 40
'@' (64) 24
'{' (123) 5 6 10 28
'}' (125) 5 6 10 28
'~' (126) 37
error (256) 4 9 49 50 55
CLASS (258) 5 6
ELSE (259) 26
FI (260) 26
IF (261) 26
IN (262) 51 52
INHERITS (263) 6
LET (264) 29
LOOP (265) 27
POOL (266) 27
THEN (267) 26
WHILE (268) 27
CASE (269) 30
ESAC (270) 30
OF (271) 30
DARROW (272) 58
NEW (273) 31
ISVOID (274) 32
STR_CONST (275) 45
INT_CONST (276) 44
BOOL_CONST (277) 46
TYPEID (278) 5 6 10 11 12 17 24 31 51 52 53 54 58
OBJECTID (279) 10 11 12 17 22 23 24 25 43 51 52 53 54 58
ASSIGN (280) 12 22 52 54
NOT (281) 41
LE (282) 39
ERROR (283)


Nonterminals, with rules where they appear

$accept (45)
    on left: 0
program (46)
    on left: 1, on right: 0
class_list (47)
    on left: 2 3 4, on right: 1 3 4
class (48)
    on left: 5 6, on right: 2 3
feature_list (49)
    on left: 7 8 9, on right: 5 6 7 9
feature (50)
    on left: 10 11 12, on right: 7 9
formal_list (51)
    on left: 13 14, on right: 10
formal_list_oneOrMore (52)
    on left: 15 16, on right: 13 16
formal (53)
    on left: 17, on right: 15 16
expr_list (54)
    on left: 18 19, on right: 23 24 25
expr_list_oneOrMore (55)
    on left: 20 21, on right: 19 21
expr (56)
    on left: 22 23 24 25 26 27 28 29 30 31 32 33 34 35 36 37 38 39
    40 41 42 43 44 45 46, on right: 10 12 20 21 22 23 24 26 27 30 32
    33 34 35 36 37 38 39 40 41 42 47 48 51 52 54 58
expr_list_semicolon (57)
    on left: 47 48 49 50, on right: 28 48 49 50
let_expr (58)
    on left: 51 52 53 54 55, on right: 29 53 54 55
case_list (59)
    on left: 56 57, on right: 30 57
case (60)
    on left: 58, on right: 56 57


state 0

    0 $accept: . program $end

    error  shift, and go to state 1
    CLASS  shift, and go to state 2

    program     go to state 3
    class_list  go to state 4
    class       go to state 5


state 1

    4 class_list: error . ';' class_list

    ';'  shift, and go to state 6


state 2

    5 class: CLASS . TYPEID '{' feature_list '}'
    6      | CLASS . TYPEID INHERITS TYPEID '{' feature_list '}'

    TYPEID  shift, and go to state 7


state 3

    0 $accept: program . $end

    $end  shift, and go to state 8


state 4

    1 program: class_list .
    3 class_list: class_list . class ';'

    CLASS  shift, and go to state 2

    $default  reduce using rule 1 (program)

    class  go to state 9


state 5

    2 class_list: class . ';'

    ';'  shift, and go to state 10


state 6

    4 class_list: error ';' . class_list

    error  shift, and go to state 1
    CLASS  shift, and go to state 2

    class_list  go to state 11
    class       go to state 5


state 7

    5 class: CLASS TYPEID . '{' feature_list '}'
    6      | CLASS TYPEID . INHERITS TYPEID '{' feature_list '}'

    INHERITS  shift, and go to state 12
    '{'       shift, and go to state 13


state 8

    0 $accept: program $end .

    $default  accept


state 9

    3 class_list: class_list class . ';'

    ';'  shift, and go to state 14


state 10

    2 class_list: class ';' .

    $default  reduce using rule 2 (class_list)


state 11

    3 class_list: class_list . class ';'
    4           | error ';' class_list .

    CLASS  shift, and go to state 2

    CLASS     [reduce using rule 4 (class_list)]
    $default  reduce using rule 4 (class_list)

    class  go to state 9


state 12

    6 class: CLASS TYPEID INHERITS . TYPEID '{' feature_list '}'

    TYPEID  shift, and go to state 15


state 13

    5 class: CLASS TYPEID '{' . feature_list '}'

    $default  reduce using rule 8 (feature_list)

    feature_list  go to state 16


state 14

    3 class_list: class_list class ';' .

    $default  reduce using rule 3 (class_list)


state 15

    6 class: CLASS TYPEID INHERITS TYPEID . '{' feature_list '}'

    '{'  shift, and go to state 17


state 16

    5 class: CLASS TYPEID '{' feature_list . '}'
    7 feature_list: feature_list . feature ';'
    9             | feature_list . feature ';' error ';'

    OBJECTID  shift, and go to state 18
    '}'       shift, and go to state 19

    feature  go to state 20


state 17

    6 class: CLASS TYPEID INHERITS TYPEID '{' . feature_list '}'

    $default  reduce using rule 8 (feature_list)

    feature_list  go to state 21


state 18

   10 feature: OBJECTID . '(' formal_list ')' ':' TYPEID '{' expr '}'
   11        | OBJECTID . ':' TYPEID
   12        | OBJECTID . ':' TYPEID ASSIGN expr

    '('  shift, and go to state 22
    ':'  shift, and go to state 23


state 19

    5 class: CLASS TYPEID '{' feature_list '}' .

    $default  reduce using rule 5 (class)


state 20

    7 feature_list: feature_list feature . ';'
    9             | feature_list feature . ';' error ';'

    ';'  shift, and go to state 24


state 21

    6 class: CLASS TYPEID INHERITS TYPEID '{' feature_list . '}'
    7 feature_list: feature_list . feature ';'
    9             | feature_list . feature ';' error ';'

    OBJECTID  shift, and go to state 18
    '}'       shift, and go to state 25

    feature  go to state 20


state 22

   10 feature: OBJECTID '(' . formal_list ')' ':' TYPEID '{' expr '}'

    OBJECTID  shift, and go to state 26

    $default  reduce using rule 14 (formal_list)

    formal_list            go to state 27
    formal_list_oneOrMore  go to state 28
    formal                 go to state 29


state 23

   11 feature: OBJECTID ':' . TYPEID
   12        | OBJECTID ':' . TYPEID ASSIGN expr

    TYPEID  shift, and go to state 30


state 24

    7 feature_list: feature_list feature ';' .
    9             | feature_list feature ';' . error ';'

    error  shift, and go to state 31

    OBJECTID  reduce using rule 7 (feature_list)
    '}'       reduce using rule 7 (feature_list)


state 25

    6 class: CLASS TYPEID INHERITS TYPEID '{' feature_list '}' .

    $default  reduce using rule 6 (class)


state 26

   17 formal: OBJECTID . ':' TYPEID

    ':'  shift, and go to state 32


state 27

   10 feature: OBJECTID '(' formal_list . ')' ':' TYPEID '{' expr '}'

    ')'  shift, and go to state 33


state 28

   13 formal_list: formal_list_oneOrMore .
   16 formal_list_oneOrMore: formal_list_oneOrMore . ',' formal

    ','  shift, and go to state 34

    $default  reduce using rule 13 (formal_list)


state 29

   15 formal_list_oneOrMore: formal .

    $default  reduce using rule 15 (formal_list_oneOrMore)


state 30

   11 feature: OBJECTID ':' TYPEID .
   12        | OBJECTID ':' TYPEID . ASSIGN expr

    ASSIGN  shift, and go to state 35

    $default  reduce using rule 11 (feature)


state 31

    9 feature_list: feature_list feature ';' error . ';'

    ';'  shift, and go to state 36


state 32

   17 formal: OBJECTID ':' . TYPEID

    TYPEID  shift, and go to state 37


state 33

   10 feature: OBJECTID '(' formal_list ')' . ':' TYPEID '{' expr '}'

    ':'  shift, and go to state 38


state 34

   16 formal_list_oneOrMore: formal_list_oneOrMore ',' . formal

    OBJECTID  shift, and go to state 26

    formal  go to state 39


state 35

   12 feature: OBJECTID ':' TYPEID ASSIGN . expr

    IF          shift, and go to state 40
    LET         shift, and go to state 41
    WHILE       shift, and go to state 42
    CASE        shift, and go to state 43
    NEW         shift, and go to state 44
    ISVOID      shift, and go to state 45
    STR_CONST   shift, and go to state 46
    INT_CONST   shift, and go to state 47
    BOOL_CONST  shift, and go to state 48
    OBJECTID    shift, and go to state 49
    NOT         shift, and go to state 50
    '~'         shift, and go to state 51
    '{'         shift, and go to state 52
    '('         shift, and go to state 53

    expr  go to state 54


state 36

    9 feature_list: feature_list feature ';' error ';' .

    $default  reduce using rule 9 (feature_list)


state 37

   17 formal: OBJECTID ':' TYPEID .

    $default  reduce using rule 17 (formal)


state 38

   10 feature: OBJECTID '(' formal_list ')' ':' . TYPEID '{' expr '}'

    TYPEID  shift, and go to state 55


state 39

   16 formal_list_oneOrMore: formal_list_oneOrMore ',' formal .

    $default  reduce using rule 16 (formal_list_oneOrMore)


state 40

   26 expr: IF . expr THEN expr ELSE expr FI

    IF          shift, and go to state 40
    LET         shift, and go to state 41
    WHILE       shift, and go to state 42
    CASE        shift, and go to state 43
    NEW         shift, and go to state 44
    ISVOID      shift, and go to state 45
    STR_CONST   shift, and go to state 46
    INT_CONST   shift, and go to state 47
    BOOL_CONST  shift, and go to state 48
    OBJECTID    shift, and go to state 49
    NOT         shift, and go to state 50
    '~'         shift, and go to state 51
    '{'         shift, and go to state 52
    '('         shift, and go to state 53

    expr  go to state 56


state 41

   29 expr: LET . let_expr

    error     shift, and go to state 57
    OBJECTID  shift, and go to state 58

    let_expr  go to state 59


state 42

   27 expr: WHILE . expr LOOP expr POOL

    IF          shift, and go to state 40
    LET         shift, and go to state 41
    WHILE       shift, and go to state 42
    CASE        shift, and go to state 43
    NEW         shift, and go to state 44
    ISVOID      shift, and go to state 45
    STR_CONST   shift, and go to state 46
    INT_CONST   shift, and go to state 47
    BOOL_CONST  shift, and go to state 48
    OBJECTID    shift, and go to state 49
    NOT         shift, and go to state 50
    '~'         shift, and go to state 51
    '{'         shift, and go to state 52
    '('         shift, and go to state 53

    expr  go to state 60


state 43

   30 expr: CASE . expr OF case_list ESAC

    IF          shift, and go to state 40
    LET         shift, and go to state 41
    WHILE       shift, and go to state 42
    CASE        shift, and go to state 43
    NEW         shift, and go to state 44
    ISVOID      shift, and go to state 45
    STR_CONST   shift, and go to state 46
    INT_CONST   shift, and go to state 47
    BOOL_CONST  shift, and go to state 48
    OBJECTID    shift, and go to state 49
    NOT         shift, and go to state 50
    '~'         shift, and go to state 51
    '{'         shift, and go to state 52
    '('         shift, and go to state 53

    expr  go to state 61


state 44

   31 expr: NEW . TYPEID

    TYPEID  shift, and go to state 62


state 45

   32 expr: ISVOID . expr

    IF          shift, and go to state 40
    LET         shift, and go to state 41
    WHILE       shift, and go to state 42
    CASE        shift, and go to state 43
    NEW         shift, and go to state 44
    ISVOID      shift, and go to state 45
    STR_CONST   shift, and go to state 46
    INT_CONST   shift, and go to state 47
    BOOL_CONST  shift, and go to state 48
    OBJECTID    shift, and go to state 49
    NOT         shift, and go to state 50
    '~'         shift, and go to state 51
    '{'         shift, and go to state 52
    '('         shift, and go to state 53

    expr  go to state 63


state 46

   45 expr: STR_CONST .

    $default  reduce using rule 45 (expr)


state 47

   44 expr: INT_CONST .

    $default  reduce using rule 44 (expr)


state 48

   46 expr: BOOL_CONST .

    $default  reduce using rule 46 (expr)


state 49

   22 expr: OBJECTID . ASSIGN expr
   25     | OBJECTID . '(' expr_list ')'
   43     | OBJECTID .

    ASSIGN  shift, and go to state 64
    '('     shift, and go to state 65

    $default  reduce using rule 43 (expr)


state 50

   41 expr: NOT . expr

    IF          shift, and go to state 40
    LET         shift, and go to state 41
    WHILE       shift, and go to state 42
    CASE        shift, and go to state 43
    NEW         shift, and go to state 44
    ISVOID      shift, and go to state 45
    STR_CONST   shift, and go to state 46
    INT_CONST   shift, and go to state 47
    BOOL_CONST  shift, and go to state 48
    OBJECTID    shift, and go to state 49
    NOT         shift, and go to state 50
    '~'         shift, and go to state 51
    '{'         shift, and go to state 52
    '('         shift, and go to state 53

    expr  go to state 66


state 51

   37 expr: '~' . expr

    IF          shift, and go to state 40
    LET         shift, and go to state 41
    WHILE       shift, and go to state 42
    CASE        shift, and go to state 43
    NEW         shift, and go to state 44
    ISVOID      shift, and go to state 45
    STR_CONST   shift, and go to state 46
    INT_CONST   shift, and go to state 47
    BOOL_CONST  shift, and go to state 48
    OBJECTID    shift, and go to state 49
    NOT         shift, and go to state 50
    '~'         shift, and go to state 51
    '{'         shift, and go to state 52
    '('         shift, and go to state 53

    expr  go to state 67


state 52

   28 expr: '{' . expr_list_semicolon '}'

    error       shift, and go to state 68
    IF          shift, and go to state 40
    LET         shift, and go to state 41
    WHILE       shift, and go to state 42
    CASE        shift, and go to state 43
    NEW         shift, and go to state 44
    ISVOID      shift, and go to state 45
    STR_CONST   shift, and go to state 46
    INT_CONST   shift, and go to state 47
    BOOL_CONST  shift, and go to state 48
    OBJECTID    shift, and go to state 49
    NOT         shift, and go to state 50
    '~'         shift, and go to state 51
    '{'         shift, and go to state 52
    '('         shift, and go to state 53

    expr                 go to state 69
    expr_list_semicolon  go to state 70


state 53

   42 expr: '(' . expr ')'

    IF          shift, and go to state 40
    LET         shift, and go to state 41
    WHILE       shift, and go to state 42
    CASE        shift, and go to state 43
    NEW         shift, and go to state 44
    ISVOID      shift, and go to state 45
    STR_CONST   shift, and go to state 46
    INT_CONST   shift, and go to state 47
    BOOL_CONST  shift, and go to state 48
    OBJECTID    shift, and go to state 49
    NOT         shift, and go to state 50
    '~'         shift, and go to state 51
    '{'         shift, and go to state 52
    '('         shift, and go to state 53

    expr  go to state 71


state 54

   12 feature: OBJECTID ':' TYPEID ASSIGN expr .
   23 expr: expr . '.' OBJECTID '(' expr_list ')'
   24     | expr . '@' TYPEID '.' OBJECTID '(' expr_list ')'
   33     | expr . '+' expr
   34     | expr . '-' expr
   35     | expr . '*' expr
   36     | expr . '/' expr
   38     | expr . '<' expr
   39     | expr . LE expr
   40     | expr . '=' expr

    LE   shift, and go to state 72
    '<'  shift, and go to state 73
    '='  shift, and go to state 74
    '+'  shift, and go to state 75
    '-'  shift, and go to state 76
    '*'  shift, and go to state 77
    '/'  shift, and go to state 78
    '@'  shift, and go to state 79
    '.'  shift, and go to state 80

    $default  reduce using rule 12 (feature)


state 55

   10 feature: OBJECTID '(' formal_list ')' ':' TYPEID . '{' expr '}'

    '{'  shift, and go to state 81


state 56

   23 expr: expr . '.' OBJECTID '(' expr_list ')'
   24     | expr . '@' TYPEID '.' OBJECTID '(' expr_list ')'
   26     | IF expr . THEN expr ELSE expr FI
   33     | expr . '+' expr
   34     | expr . '-' expr
   35     | expr . '*' expr
   36     | expr . '/' expr
   38     | expr . '<' expr
   39     | expr . LE expr
   40     | expr . '=' expr

    THEN  shift, and go to state 82
    LE    shift, and go to state 72
    '<'   shift, and go to state 73
    '='   shift, and go to state 74
    '+'   shift, and go to state 75
    '-'   shift, and go to state 76
    '*'   shift, and go to state 77
    '/'   shift, and go to state 78
    '@'   shift, and go to state 79
    '.'   shift, and go to state 80


state 57

   55 let_expr: error . ',' let_expr

    ','  shift, and go to state 83


state 58

   51 let_expr: OBJECTID . ':' TYPEID IN expr
   52         | OBJECTID . ':' TYPEID ASSIGN expr IN expr
   53         | OBJECTID . ':' TYPEID ',' let_expr
   54         | OBJECTID . ':' TYPEID ASSIGN expr ',' let_expr

    ':'  shift, and go to state 84


state 59

   29 expr: LET let_expr .

    $default  reduce using rule 29 (expr)


state 60

   23 expr: expr . '.' OBJECTID '(' expr_list ')'
   24     | expr . '@' TYPEID '.' OBJECTID '(' expr_list ')'
   27     | WHILE expr . LOOP expr POOL
   33     | expr . '+' expr
   34     | expr . '-' expr
   35     | expr . '*' expr
   36     | expr . '/' expr
   38     | expr . '<' expr
   39     | expr . LE expr
   40     | expr . '=' expr

    LOOP  shift, and go to state 85
    LE    shift, and go to state 72
    '<'   shift, and go to state 73
    '='   shift, and go to state 74
    '+'   shift, and go to state 75
    '-'   shift, and go to state 76
    '*'   shift, and go to state 77
    '/'   shift, and go to state 78
    '@'   shift, and go to state 79
    '.'   shift, and go to state 80


state 61

   23 expr: expr . '.' OBJECTID '(' expr_list ')'
   24     | expr . '@' TYPEID '.' OBJECTID '(' expr_list ')'
   30     | CASE expr . OF case_list ESAC
   33     | expr . '+' expr
   34     | expr . '-' expr
   35     | expr . '*' expr
   36     | expr . '/' expr
   38     | expr . '<' expr
   39     | expr . LE expr
   40     | expr . '=' expr

    OF   shift, and go to state 86
    LE   shift, and go to state 72
    '<'  shift, and go to state 73
    '='  shift, and go to state 74
    '+'  shift, and go to state 75
    '-'  shift, and go to state 76
    '*'  shift, and go to state 77
    '/'  shift, and go to state 78
    '@'  shift, and go to state 79
    '.'  shift, and go to state 80


state 62

   31 expr: NEW TYPEID .

    $default  reduce using rule 31 (expr)


state 63

   23 expr: expr . '.' OBJECTID '(' expr_list ')'
   24     | expr . '@' TYPEID '.' OBJECTID '(' expr_list ')'
   32     | ISVOID expr .
   33     | expr . '+' expr
   34     | expr . '-' expr
   35     | expr . '*' expr
   36     | expr . '/' expr
   38     | expr . '<' expr
   39     | expr . LE expr
   40     | expr . '=' expr

    '@'  shift, and go to state 79
    '.'  shift, and go to state 80

    $default  reduce using rule 32 (expr)


state 64

   22 expr: OBJECTID ASSIGN . expr

    IF          shift, and go to state 40
    LET         shift, and go to state 41
    WHILE       shift, and go to state 42
    CASE        shift, and go to state 43
    NEW         shift, and go to state 44
    ISVOID      shift, and go to state 45
    STR_CONST   shift, and go to state 46
    INT_CONST   shift, and go to state 47
    BOOL_CONST  shift, and go to state 48
    OBJECTID    shift, and go to state 49
    NOT         shift, and go to state 50
    '~'         shift, and go to state 51
    '{'         shift, and go to state 52
    '('         shift, and go to state 53

    expr  go to state 87


state 65

   25 expr: OBJECTID '(' . expr_list ')'

    IF          shift, and go to state 40
    LET         shift, and go to state 41
    WHILE       shift, and go to state 42
    CASE        shift, and go to state 43
    NEW         shift, and go to state 44
    ISVOID      shift, and go to state 45
    STR_CONST   shift, and go to state 46
    INT_CONST   shift, and go to state 47
    BOOL_CONST  shift, and go to state 48
    OBJECTID    shift, and go to state 49
    NOT         shift, and go to state 50
    '~'         shift, and go to state 51
    '{'         shift, and go to state 52
    '('         shift, and go to state 53

    $default  reduce using rule 18 (expr_list)

    expr_list            go to state 88
    expr_list_oneOrMore  go to state 89
    expr                 go to state 90


state 66

   23 expr: expr . '.' OBJECTID '(' expr_list ')'
   24     | expr . '@' TYPEID '.' OBJECTID '(' expr_list ')'
   33     | expr . '+' expr
   34     | expr . '-' expr
   35     | expr . '*' expr
   36     | expr . '/' expr
   38     | expr . '<' expr
   39     | expr . LE expr
   40     | expr . '=' expr
   41     | NOT expr .

    LE   shift, and go to state 72
    '<'  shift, and go to state 73
    '='  shift, and go to state 74
    '+'  shift, and go to state 75
    '-'  shift, and go to state 76
    '*'  shift, and go to state 77
    '/'  shift, and go to state 78
    '@'  shift, and go to state 79
    '.'  shift, and go to state 80

    $default  reduce using rule 41 (expr)


state 67

   23 expr: expr . '.' OBJECTID '(' expr_list ')'
   24     | expr . '@' TYPEID '.' OBJECTID '(' expr_list ')'
   33     | expr . '+' expr
   34     | expr . '-' expr
   35     | expr . '*' expr
   36     | expr . '/' expr
   37     | '~' expr .
   38     | expr . '<' expr
   39     | expr . LE expr
   40     | expr . '=' expr

    '@'  shift, and go to state 79
    '.'  shift, and go to state 80

    $default  reduce using rule 37 (expr)


state 68

   49 expr_list_semicolon: error . ';' expr_list_semicolon

    ';'  shift, and go to state 91


state 69

   23 expr: expr . '.' OBJECTID '(' expr_list ')'
   24     | expr . '@' TYPEID '.' OBJECTID '(' expr_list ')'
   33     | expr . '+' expr
   34     | expr . '-' expr
   35     | expr . '*' expr
   36     | expr . '/' expr
   38     | expr . '<' expr
   39     | expr . LE expr
   40     | expr . '=' expr
   47 expr_list_semicolon: expr . ';'

    LE   shift, and go to state 72
    '<'  shift, and go to state 73
    '='  shift, and go to state 74
    '+'  shift, and go to state 75
    '-'  shift, and go to state 76
    '*'  shift, and go to state 77
    '/'  shift, and go to state 78
    '@'  shift, and go to state 79
    '.'  shift, and go to state 80
    ';'  shift, and go to state 92


state 70

   28 expr: '{' expr_list_semicolon . '}'
   48 expr_list_semicolon: expr_list_semicolon . expr ';'
   50                    | expr_list_semicolon . error ';'

    error       shift, and go to state 93
    IF          shift, and go to state 40
    LET         shift, and go to state 41
    WHILE       shift, and go to state 42
    CASE        shift, and go to state 43
    NEW         shift, and go to state 44
    ISVOID      shift, and go to state 45
    STR_CONST   shift, and go to state 46
    INT_CONST   shift, and go to state 47
    BOOL_CONST  shift, and go to state 48
    OBJECTID    shift, and go to state 49
    NOT         shift, and go to state 50
    '~'         shift, and go to state 51
    '{'         shift, and go to state 52
    '}'         shift, and go to state 94
    '('         shift, and go to state 53

    expr  go to state 95


state 71

   23 expr: expr . '.' OBJECTID '(' expr_list ')'
   24     | expr . '@' TYPEID '.' OBJECTID '(' expr_list ')'
   33     | expr . '+' expr
   34     | expr . '-' expr
   35     | expr . '*' expr
   36     | expr . '/' expr
   38     | expr . '<' expr
   39     | expr . LE expr
   40     | expr . '=' expr
   42     | '(' expr . ')'

    LE   shift, and go to state 72
    '<'  shift, and go to state 73
    '='  shift, and go to state 74
    '+'  shift, and go to state 75
    '-'  shift, and go to state 76
    '*'  shift, and go to state 77
    '/'  shift, and go to state 78
    '@'  shift, and go to state 79
    '.'  shift, and go to state 80
    ')'  shift, and go to state 96


state 72

   39 expr: expr LE . expr

    IF          shift, and go to state 40
    LET         shift, and go to state 41
    WHILE       shift, and go to state 42
    CASE        shift, and go to state 43
    NEW         shift, and go to state 44
    ISVOID      shift, and go to state 45
    STR_CONST   shift, and go to state 46
    INT_CONST   shift, and go to state 47
    BOOL_CONST  shift, and go to state 48
    OBJECTID    shift, and go to state 49
    NOT         shift, and go to state 50
    '~'         shift, and go to state 51
    '{'         shift, and go to state 52
    '('         shift, and go to state 53

    expr  go to state 97


state 73

   38 expr: expr '<' . expr

    IF          shift, and go to state 40
    LET         shift, and go to state 41
    WHILE       shift, and go to state 42
    CASE        shift, and go to state 43
    NEW         shift, and go to state 44
    ISVOID      shift, and go to state 45
    STR_CONST   shift, and go to state 46
    INT_CONST   shift, and go to state 47
    BOOL_CONST  shift, and go to state 48
    OBJECTID    shift, and go to state 49
    NOT         shift, and go to state 50
    '~'         shift, and go to state 51
    '{'         shift, and go to state 52
    '('         shift, and go to state 53

    expr  go to state 98


state 74

   40 expr: expr '=' . expr

    IF          shift, and go to state 40
    LET         shift, and go to state 41
    WHILE       shift, and go to state 42
    CASE        shift, and go to state 43
    NEW         shift, and go to state 44
    ISVOID      shift, and go to state 45
    STR_CONST   shift, and go to state 46
    INT_CONST   shift, and go to state 47
    BOOL_CONST  shift, and go to state 48
    OBJECTID    shift, and go to state 49
    NOT         shift, and go to state 50
    '~'         shift, and go to state 51
    '{'         shift, and go to state 52
    '('         shift, and go to state 53

    expr  go to state 99


state 75

   33 expr: expr '+' . expr

    IF          shift, and go to state 40
    LET         shift, and go to state 41
    WHILE       shift, and go to state 42
    CASE        shift, and go to state 43
    NEW         shift, and go to state 44
    ISVOID      shift, and go to state 45
    STR_CONST   shift, and go to state 46
    INT_CONST   shift, and go to state 47
    BOOL_CONST  shift, and go to state 48
    OBJECTID    shift, and go to state 49
    NOT         shift, and go to state 50
    '~'         shift, and go to state 51
    '{'         shift, and go to state 52
    '('         shift, and go to state 53

    expr  go to state 100


state 76

   34 expr: expr '-' . expr

    IF          shift, and go to state 40
    LET         shift, and go to state 41
    WHILE       shift, and go to state 42
    CASE        shift, and go to state 43
    NEW         shift, and go to state 44
    ISVOID      shift, and go to state 45
    STR_CONST   shift, and go to state 46
    INT_CONST   shift, and go to state 47
    BOOL_CONST  shift, and go to state 48
    OBJECTID    shift, and go to state 49
    NOT         shift, and go to state 50
    '~'         shift, and go to state 51
    '{'         shift, and go to state 52
    '('         shift, and go to state 53

    expr  go to state 101


state 77

   35 expr: expr '*' . expr

    IF          shift, and go to state 40
    LET         shift, and go to state 41
    WHILE       shift, and go to state 42
    CASE        shift, and go to state 43
    NEW         shift, and go to state 44
    ISVOID      shift, and go to state 45
    STR_CONST   shift, and go to state 46
    INT_CONST   shift, and go to state 47
    BOOL_CONST  shift, and go to state 48
    OBJECTID    shift, and go to state 49
    NOT         shift, and go to state 50
    '~'         shift, and go to state 51
    '{'         shift, and go to state 52
    '('         shift, and go to state 53

    expr  go to state 102


state 78

   36 expr: expr '/' . expr

    IF          shift, and go to state 40
    LET         shift, and go to state 41
    WHILE       shift, and go to state 42
    CASE        shift, and go to state 43
    NEW         shift, and go to state 44
    ISVOID      shift, and go to state 45
    STR_CONST   shift, and go to state 46
    INT_CONST   shift, and go to state 47
    BOOL_CONST  shift, and go to state 48
    OBJECTID    shift, and go to state 49
    NOT         shift, and go to state 50
    '~'         shift, and go to state 51
    '{'         shift, and go to state 52
    '('         shift, and go to state 53

    expr  go to state 103


state 79

   24 expr: expr '@' . TYPEID '.' OBJECTID '(' expr_list ')'

    TYPEID  shift, and go to state 104


state 80

   23 expr: expr '.' . OBJECTID '(' expr_list ')'

    OBJECTID  shift, and go to state 105


state 81

   10 feature: OBJECTID '(' formal_list ')' ':' TYPEID '{' . expr '}'

    IF          shift, and go to state 40
    LET         shift, and go to state 41
    WHILE       shift, and go to state 42
    CASE        shift, and go to state 43
    NEW         shift, and go to state 44
    ISVOID      shift, and go to state 45
    STR_CONST   shift, and go to state 46
    INT_CONST   shift, and go to state 47
    BOOL_CONST  shift, and go to state 48
    OBJECTID    shift, and go to state 49
    NOT         shift, and go to state 50
    '~'         shift, and go to state 51
    '{'         shift, and go to state 52
    '('         shift, and go to state 53

    expr  go to state 106


state 82

   26 expr: IF expr THEN . expr ELSE expr FI

    IF          shift, and go to state 40
    LET         shift, and go to state 41
    WHILE       shift, and go to state 42
    CASE        shift, and go to state 43
    NEW         shift, and go to state 44
    ISVOID      shift, and go to state 45
    STR_CONST   shift, and go to state 46
    INT_CONST   shift, and go to state 47
    BOOL_CONST  shift, and go to state 48
    OBJECTID    shift, and go to state 49
    NOT         shift, and go to state 50
    '~'         shift, and go to state 51
    '{'         shift, and go to state 52
    '('         shift, and go to state 53

    expr  go to state 107


state 83

   55 let_expr: error ',' . let_expr

    error     shift, and go to state 57
    OBJECTID  shift, and go to state 58

    let_expr  go to state 108


state 84

   51 let_expr: OBJECTID ':' . TYPEID IN expr
   52         | OBJECTID ':' . TYPEID ASSIGN expr IN expr
   53         | OBJECTID ':' . TYPEID ',' let_expr
   54         | OBJECTID ':' . TYPEID ASSIGN expr ',' let_expr

    TYPEID  shift, and go to state 109


state 85

   27 expr: WHILE expr LOOP . expr POOL

    IF          shift, and go to state 40
    LET         shift, and go to state 41
    WHILE       shift, and go to state 42
    CASE        shift, and go to state 43
    NEW         shift, and go to state 44
    ISVOID      shift, and go to state 45
    STR_CONST   shift, and go to state 46
    INT_CONST   shift, and go to state 47
    BOOL_CONST  shift, and go to state 48
    OBJECTID    shift, and go to state 49
    NOT         shift, and go to state 50
    '~'         shift, and go to state 51
    '{'         shift, and go to state 52
    '('         shift, and go to state 53

    expr  go to state 110


state 86

   30 expr: CASE expr OF . case_list ESAC

    OBJECTID  shift, and go to state 111

    case_list  go to state 112
    case       go to state 113


state 87

   22 expr: OBJECTID ASSIGN expr .
   23     | expr . '.' OBJECTID '(' expr_list ')'
   24     | expr . '@' TYPEID '.' OBJECTID '(' expr_list ')'
   33     | expr . '+' expr
   34     | expr . '-' expr
   35     | expr . '*' expr
   36     | expr . '/' expr
   38     | expr . '<' expr
   39     | expr . LE expr
   40     | expr . '=' expr

    LE   shift, and go to state 72
    '<'  shift, and go to state 73
    '='  shift, and go to state 74
    '+'  shift, and go to state 75
    '-'  shift, and go to state 76
    '*'  shift, and go to state 77
    '/'  shift, and go to state 78
    '@'  shift, and go to state 79
    '.'  shift, and go to state 80

    $default  reduce using rule 22 (expr)


state 88

   25 expr: OBJECTID '(' expr_list . ')'

    ')'  shift, and go to state 114


state 89

   19 expr_list: expr_list_oneOrMore .
   21 expr_list_oneOrMore: expr_list_oneOrMore . ',' expr

    ','  shift, and go to state 115

    $default  reduce using rule 19 (expr_list)


state 90

   20 expr_list_oneOrMore: expr .
   23 expr: expr . '.' OBJECTID '(' expr_list ')'
   24     | expr . '@' TYPEID '.' OBJECTID '(' expr_list ')'
   33     | expr . '+' expr
   34     | expr . '-' expr
   35     | expr . '*' expr
   36     | expr . '/' expr
   38     | expr . '<' expr
   39     | expr . LE expr
   40     | expr . '=' expr

    LE   shift, and go to state 72
    '<'  shift, and go to state 73
    '='  shift, and go to state 74
    '+'  shift, and go to state 75
    '-'  shift, and go to state 76
    '*'  shift, and go to state 77
    '/'  shift, and go to state 78
    '@'  shift, and go to state 79
    '.'  shift, and go to state 80

    $default  reduce using rule 20 (expr_list_oneOrMore)


state 91

   49 expr_list_semicolon: error ';' . expr_list_semicolon

    error       shift, and go to state 68
    IF          shift, and go to state 40
    LET         shift, and go to state 41
    WHILE       shift, and go to state 42
    CASE        shift, and go to state 43
    NEW         shift, and go to state 44
    ISVOID      shift, and go to state 45
    STR_CONST   shift, and go to state 46
    INT_CONST   shift, and go to state 47
    BOOL_CONST  shift, and go to state 48
    OBJECTID    shift, and go to state 49
    NOT         shift, and go to state 50
    '~'         shift, and go to state 51
    '{'         shift, and go to state 52
    '('         shift, and go to state 53

    expr                 go to state 69
    expr_list_semicolon  go to state 116


state 92

   47 expr_list_semicolon: expr ';' .

    $default  reduce using rule 47 (expr_list_semicolon)


state 93

   50 expr_list_semicolon: expr_list_semicolon error . ';'

    ';'  shift, and go to state 117


state 94

   28 expr: '{' expr_list_semicolon '}' .

    $default  reduce using rule 28 (expr)


state 95

   23 expr: expr . '.' OBJECTID '(' expr_list ')'
   24     | expr . '@' TYPEID '.' OBJECTID '(' expr_list ')'
   33     | expr . '+' expr
   34     | expr . '-' expr
   35     | expr . '*' expr
   36     | expr . '/' expr
   38     | expr . '<' expr
   39     | expr . LE expr
   40     | expr . '=' expr
   48 expr_list_semicolon: expr_list_semicolon expr . ';'

    LE   shift, and go to state 72
    '<'  shift, and go to state 73
    '='  shift, and go to state 74
    '+'  shift, and go to state 75
    '-'  shift, and go to state 76
    '*'  shift, and go to state 77
    '/'  shift, and go to state 78
    '@'  shift, and go to state 79
    '.'  shift, and go to state 80
    ';'  shift, and go to state 118


state 96

   42 expr: '(' expr ')' .

    $default  reduce using rule 42 (expr)


state 97

   23 expr: expr . '.' OBJECTID '(' expr_list ')'
   24     | expr . '@' TYPEID '.' OBJECTID '(' expr_list ')'
   33     | expr . '+' expr
   34     | expr . '-' expr
   35     | expr . '*' expr
   36     | expr . '/' expr
   38     | expr . '<' expr
   39     | expr . LE expr
   39     | expr LE expr .
   40     | expr . '=' expr

    '+'  shift, and go to state 75
    '-'  shift, and go to state 76
    '*'  shift, and go to state 77
    '/'  shift, and go to state 78
    '@'  shift, and go to state 79
    '.'  shift, and go to state 80

    LE   error (nonassociative)
    '<'  error (nonassociative)
    '='  error (nonassociative)

    $default  reduce using rule 39 (expr)


state 98

   23 expr: expr . '.' OBJECTID '(' expr_list ')'
   24     | expr . '@' TYPEID '.' OBJECTID '(' expr_list ')'
   33     | expr . '+' expr
   34     | expr . '-' expr
   35     | expr . '*' expr
   36     | expr . '/' expr
   38     | expr . '<' expr
   38     | expr '<' expr .
   39     | expr . LE expr
   40     | expr . '=' expr

    '+'  shift, and go to state 75
    '-'  shift, and go to state 76
    '*'  shift, and go to state 77
    '/'  shift, and go to state 78
    '@'  shift, and go to state 79
    '.'  shift, and go to state 80

    LE   error (nonassociative)
    '<'  error (nonassociative)
    '='  error (nonassociative)

    $default  reduce using rule 38 (expr)


state 99

   23 expr: expr . '.' OBJECTID '(' expr_list ')'
   24     | expr . '@' TYPEID '.' OBJECTID '(' expr_list ')'
   33     | expr . '+' expr
   34     | expr . '-' expr
   35     | expr . '*' expr
   36     | expr . '/' expr
   38     | expr . '<' expr
   39     | expr . LE expr
   40     | expr . '=' expr
   40     | expr '=' expr .

    '+'  shift, and go to state 75
    '-'  shift, and go to state 76
    '*'  shift, and go to state 77
    '/'  shift, and go to state 78
    '@'  shift, and go to state 79
    '.'  shift, and go to state 80

    LE   error (nonassociative)
    '<'  error (nonassociative)
    '='  error (nonassociative)

    $default  reduce using rule 40 (expr)


state 100

   23 expr: expr . '.' OBJECTID '(' expr_list ')'
   24     | expr . '@' TYPEID '.' OBJECTID '(' expr_list ')'
   33     | expr . '+' expr
   33     | expr '+' expr .
   34     | expr . '-' expr
   35     | expr . '*' expr
   36     | expr . '/' expr
   38     | expr . '<' expr
   39     | expr . LE expr
   40     | expr . '=' expr

    '*'  shift, and go to state 77
    '/'  shift, and go to state 78
    '@'  shift, and go to state 79
    '.'  shift, and go to state 80

    $default  reduce using rule 33 (expr)


state 101

   23 expr: expr . '.' OBJECTID '(' expr_list ')'
   24     | expr . '@' TYPEID '.' OBJECTID '(' expr_list ')'
   33     | expr . '+' expr
   34     | expr . '-' expr
   34     | expr '-' expr .
   35     | expr . '*' expr
   36     | expr . '/' expr
   38     | expr . '<' expr
   39     | expr . LE expr
   40     | expr . '=' expr

    '*'  shift, and go to state 77
    '/'  shift, and go to state 78
    '@'  shift, and go to state 79
    '.'  shift, and go to state 80

    $default  reduce using rule 34 (expr)


state 102

   23 expr: expr . '.' OBJECTID '(' expr_list ')'
   24     | expr . '@' TYPEID '.' OBJECTID '(' expr_list ')'
   33     | expr . '+' expr
   34     | expr . '-' expr
   35     | expr . '*' expr
   35     | expr '*' expr .
   36     | expr . '/' expr
   38     | expr . '<' expr
   39     | expr . LE expr
   40     | expr . '=' expr

    '@'  shift, and go to state 79
    '.'  shift, and go to state 80

    $default  reduce using rule 35 (expr)


state 103

   23 expr: expr . '.' OBJECTID '(' expr_list ')'
   24     | expr . '@' TYPEID '.' OBJECTID '(' expr_list ')'
   33     | expr . '+' expr
   34     | expr . '-' expr
   35     | expr . '*' expr
   36     | expr . '/' expr
   36     | expr '/' expr .
   38     | expr . '<' expr
   39     | expr . LE expr
   40     | expr . '=' expr

    '@'  shift, and go to state 79
    '.'  shift, and go to state 80

    $default  reduce using rule 36 (expr)


state 104

   24 expr: expr '@' TYPEID . '.' OBJECTID '(' expr_list ')'

    '.'  shift, and go to state 119


state 105

   23 expr: expr '.' OBJECTID . '(' expr_list ')'

    '('  shift, and go to state 120


state 106

   10 feature: OBJECTID '(' formal_list ')' ':' TYPEID '{' expr . '}'
   23 expr: expr . '.' OBJECTID '(' expr_list ')'
   24     | expr . '@' TYPEID '.' OBJECTID '(' expr_list ')'
   33     | expr . '+' expr
   34     | expr . '-' expr
   35     | expr . '*' expr
   36     | expr . '/' expr
   38     | expr . '<' expr
   39     | expr . LE expr
   40     | expr . '=' expr

    LE   shift, and go to state 72
    '<'  shift, and go to state 73
    '='  shift, and go to state 74
    '+'  shift, and go to state 75
    '-'  shift, and go to state 76
    '*'  shift, and go to state 77
    '/'  shift, and go to state 78
    '@'  shift, and go to state 79
    '.'  shift, and go to state 80
    '}'  shift, and go to state 121


state 107

   23 expr: expr . '.' OBJECTID '(' expr_list ')'
   24     | expr . '@' TYPEID '.' OBJECTID '(' expr_list ')'
   26     | IF expr THEN expr . ELSE expr FI
   33     | expr . '+' expr
   34     | expr . '-' expr
   35     | expr . '*' expr
   36     | expr . '/' expr
   38     | expr . '<' expr
   39     | expr . LE expr
   40     | expr . '=' expr

    ELSE  shift, and go to state 122
    LE    shift, and go to state 72
    '<'   shift, and go to state 73
    '='   shift, and go to state 74
    '+'   shift, and go to state 75
    '-'   shift, and go to state 76
    '*'   shift, and go to state 77
    '/'   shift, and go to state 78
    '@'   shift, and go to state 79
    '.'   shift, and go to state 80


state 108

   55 let_expr: error ',' let_expr .

    $default  reduce using rule 55 (let_expr)


state 109

   51 let_expr: OBJECTID ':' TYPEID . IN expr
   52         | OBJECTID ':' TYPEID . ASSIGN expr IN expr
   53         | OBJECTID ':' TYPEID . ',' let_expr
   54         | OBJECTID ':' TYPEID . ASSIGN expr ',' let_expr

    IN      shift, and go to state 123
    ASSIGN  shift, and go to state 124
    ','     shift, and go to state 125


state 110

   23 expr: expr . '.' OBJECTID '(' expr_list ')'
   24     | expr . '@' TYPEID '.' OBJECTID '(' expr_list ')'
   27     | WHILE expr LOOP expr . POOL
   33     | expr . '+' expr
   34     | expr . '-' expr
   35     | expr . '*' expr
   36     | expr . '/' expr
   38     | expr . '<' expr
   39     | expr . LE expr
   40     | expr . '=' expr

    POOL  shift, and go to state 126
    LE    shift, and go to state 72
    '<'   shift, and go to state 73
    '='   shift, and go to state 74
    '+'   shift, and go to state 75
    '-'   shift, and go to state 76
    '*'   shift, and go to state 77
    '/'   shift, and go to state 78
    '@'   shift, and go to state 79
    '.'   shift, and go to state 80


state 111

   58 case: OBJECTID . ':' TYPEID DARROW expr ';'

    ':'  shift, and go to state 127


state 112

   30 expr: CASE expr OF case_list . ESAC
   57 case_list: case_list . case

    ESAC      shift, and go to state 128
    OBJECTID  shift, and go to state 111

    case  go to state 129


state 113

   56 case_list: case .

    $default  reduce using rule 56 (case_list)


state 114

   25 expr: OBJECTID '(' expr_list ')' .

    $default  reduce using rule 25 (expr)


state 115

   21 expr_list_oneOrMore: expr_list_oneOrMore ',' . expr

    IF          shift, and go to state 40
    LET         shift, and go to state 41
    WHILE       shift, and go to state 42
    CASE        shift, and go to state 43
    NEW         shift, and go to state 44
    ISVOID      shift, and go to state 45
    STR_CONST   shift, and go to state 46
    INT_CONST   shift, and go to state 47
    BOOL_CONST  shift, and go to state 48
    OBJECTID    shift, and go to state 49
    NOT         shift, and go to state 50
    '~'         shift, and go to state 51
    '{'         shift, and go to state 52
    '('         shift, and go to state 53

    expr  go to state 130


state 116

   48 expr_list_semicolon: expr_list_semicolon . expr ';'
   49                    | error ';' expr_list_semicolon .
   50                    | expr_list_semicolon . error ';'

    error       shift, and go to state 93
    IF          shift, and go to state 40
    LET         shift, and go to state 41
    WHILE       shift, and go to state 42
    CASE        shift, and go to state 43
    NEW         shift, and go to state 44
    ISVOID      shift, and go to state 45
    STR_CONST   shift, and go to state 46
    INT_CONST   shift, and go to state 47
    BOOL_CONST  shift, and go to state 48
    OBJECTID    shift, and go to state 49
    NOT         shift, and go to state 50
    '~'         shift, and go to state 51
    '{'         shift, and go to state 52
    '('         shift, and go to state 53

    error       [reduce using rule 49 (expr_list_semicolon)]
    IF          [reduce using rule 49 (expr_list_semicolon)]
    LET         [reduce using rule 49 (expr_list_semicolon)]
    WHILE       [reduce using rule 49 (expr_list_semicolon)]
    CASE        [reduce using rule 49 (expr_list_semicolon)]
    NEW         [reduce using rule 49 (expr_list_semicolon)]
    ISVOID      [reduce using rule 49 (expr_list_semicolon)]
    STR_CONST   [reduce using rule 49 (expr_list_semicolon)]
    INT_CONST   [reduce using rule 49 (expr_list_semicolon)]
    BOOL_CONST  [reduce using rule 49 (expr_list_semicolon)]
    OBJECTID    [reduce using rule 49 (expr_list_semicolon)]
    NOT         [reduce using rule 49 (expr_list_semicolon)]
    '~'         [reduce using rule 49 (expr_list_semicolon)]
    '{'         [reduce using rule 49 (expr_list_semicolon)]
    '}'         reduce using rule 49 (expr_list_semicolon)
    '('         [reduce using rule 49 (expr_list_semicolon)]

    expr  go to state 95


state 117

   50 expr_list_semicolon: expr_list_semicolon error ';' .

    $default  reduce using rule 50 (expr_list_semicolon)


state 118

   48 expr_list_semicolon: expr_list_semicolon expr ';' .

    $default  reduce using rule 48 (expr_list_semicolon)


state 119

   24 expr: expr '@' TYPEID '.' . OBJECTID '(' expr_list ')'

    OBJECTID  shift, and go to state 131


state 120

   23 expr: expr '.' OBJECTID '(' . expr_list ')'

    IF          shift, and go to state 40
    LET         shift, and go to state 41
    WHILE       shift, and go to state 42
    CASE        shift, and go to state 43
    NEW         shift, and go to state 44
    ISVOID      shift, and go to state 45
    STR_CONST   shift, and go to state 46
    INT_CONST   shift, and go to state 47
    BOOL_CONST  shift, and go to state 48
    OBJECTID    shift, and go to state 49
    NOT         shift, and go to state 50
    '~'         shift, and go to state 51
    '{'         shift, and go to state 52
    '('         shift, and go to state 53

    $default  reduce using rule 18 (expr_list)

    expr_list            go to state 132
    expr_list_oneOrMore  go to state 89
    expr                 go to state 90


state 121

   10 feature: OBJECTID '(' formal_list ')' ':' TYPEID '{' expr '}' .

    $default  reduce using rule 10 (feature)


state 122

   26 expr: IF expr THEN expr ELSE . expr FI

    IF          shift, and go to state 40
    LET         shift, and go to state 41
    WHILE       shift, and go to state 42
    CASE        shift, and go to state 43
    NEW         shift, and go to state 44
    ISVOID      shift, and go to state 45
    STR_CONST   shift, and go to state 46
    INT_CONST   shift, and go to state 47
    BOOL_CONST  shift, and go to state 48
    OBJECTID    shift, and go to state 49
    NOT         shift, and go to state 50
    '~'         shift, and go to state 51
    '{'         shift, and go to state 52
    '('         shift, and go to state 53

    expr  go to state 133


state 123

   51 let_expr: OBJECTID ':' TYPEID IN . expr

    IF          shift, and go to state 40
    LET         shift, and go to state 41
    WHILE       shift, and go to state 42
    CASE        shift, and go to state 43
    NEW         shift, and go to state 44
    ISVOID      shift, and go to state 45
    STR_CONST   shift, and go to state 46
    INT_CONST   shift, and go to state 47
    BOOL_CONST  shift, and go to state 48
    OBJECTID    shift, and go to state 49
    NOT         shift, and go to state 50
    '~'         shift, and go to state 51
    '{'         shift, and go to state 52
    '('         shift, and go to state 53

    expr  go to state 134


state 124

   52 let_expr: OBJECTID ':' TYPEID ASSIGN . expr IN expr
   54         | OBJECTID ':' TYPEID ASSIGN . expr ',' let_expr

    IF          shift, and go to state 40
    LET         shift, and go to state 41
    WHILE       shift, and go to state 42
    CASE        shift, and go to state 43
    NEW         shift, and go to state 44
    ISVOID      shift, and go to state 45
    STR_CONST   shift, and go to state 46
    INT_CONST   shift, and go to state 47
    BOOL_CONST  shift, and go to state 48
    OBJECTID    shift, and go to state 49
    NOT         shift, and go to state 50
    '~'         shift, and go to state 51
    '{'         shift, and go to state 52
    '('         shift, and go to state 53

    expr  go to state 135


state 125

   53 let_expr: OBJECTID ':' TYPEID ',' . let_expr

    error     shift, and go to state 57
    OBJECTID  shift, and go to state 58

    let_expr  go to state 136


state 126

   27 expr: WHILE expr LOOP expr POOL .

    $default  reduce using rule 27 (expr)


state 127

   58 case: OBJECTID ':' . TYPEID DARROW expr ';'

    TYPEID  shift, and go to state 137


state 128

   30 expr: CASE expr OF case_list ESAC .

    $default  reduce using rule 30 (expr)


state 129

   57 case_list: case_list case .

    $default  reduce using rule 57 (case_list)


state 130

   21 expr_list_oneOrMore: expr_list_oneOrMore ',' expr .
   23 expr: expr . '.' OBJECTID '(' expr_list ')'
   24     | expr . '@' TYPEID '.' OBJECTID '(' expr_list ')'
   33     | expr . '+' expr
   34     | expr . '-' expr
   35     | expr . '*' expr
   36     | expr . '/' expr
   38     | expr . '<' expr
   39     | expr . LE expr
   40     | expr . '=' expr

    LE   shift, and go to state 72
    '<'  shift, and go to state 73
    '='  shift, and go to state 74
    '+'  shift, and go to state 75
    '-'  shift, and go to state 76
    '*'  shift, and go to state 77
    '/'  shift, and go to state 78
    '@'  shift, and go to state 79
    '.'  shift, and go to state 80

    $default  reduce using rule 21 (expr_list_oneOrMore)


state 131

   24 expr: expr '@' TYPEID '.' OBJECTID . '(' expr_list ')'

    '('  shift, and go to state 138


state 132

   23 expr: expr '.' OBJECTID '(' expr_list . ')'

    ')'  shift, and go to state 139


state 133

   23 expr: expr . '.' OBJECTID '(' expr_list ')'
   24     | expr . '@' TYPEID '.' OBJECTID '(' expr_list ')'
   26     | IF expr THEN expr ELSE expr . FI
   33     | expr . '+' expr
   34     | expr . '-' expr
   35     | expr . '*' expr
   36     | expr . '/' expr
   38     | expr . '<' expr
   39     | expr . LE expr
   40     | expr . '=' expr

    FI   shift, and go to state 140
    LE   shift, and go to state 72
    '<'  shift, and go to state 73
    '='  shift, and go to state 74
    '+'  shift, and go to state 75
    '-'  shift, and go to state 76
    '*'  shift, and go to state 77
    '/'  shift, and go to state 78
    '@'  shift, and go to state 79
    '.'  shift, and go to state 80


state 134

   23 expr: expr . '.' OBJECTID '(' expr_list ')'
   24     | expr . '@' TYPEID '.' OBJECTID '(' expr_list ')'
   33     | expr . '+' expr
   34     | expr . '-' expr
   35     | expr . '*' expr
   36     | expr . '/' expr
   38     | expr . '<' expr
   39     | expr . LE expr
   40     | expr . '=' expr
   51 let_expr: OBJECTID ':' TYPEID IN expr .

    LE   shift, and go to state 72
    '<'  shift, and go to state 73
    '='  shift, and go to state 74
    '+'  shift, and go to state 75
    '-'  shift, and go to state 76
    '*'  shift, and go to state 77
    '/'  shift, and go to state 78
    '@'  shift, and go to state 79
    '.'  shift, and go to state 80

    LE        [reduce using rule 51 (let_expr)]
    '<'       [reduce using rule 51 (let_expr)]
    '='       [reduce using rule 51 (let_expr)]
    '+'       [reduce using rule 51 (let_expr)]
    '-'       [reduce using rule 51 (let_expr)]
    '*'       [reduce using rule 51 (let_expr)]
    '/'       [reduce using rule 51 (let_expr)]
    '@'       [reduce using rule 51 (let_expr)]
    '.'       [reduce using rule 51 (let_expr)]
    $default  reduce using rule 51 (let_expr)


state 135

   23 expr: expr . '.' OBJECTID '(' expr_list ')'
   24     | expr . '@' TYPEID '.' OBJECTID '(' expr_list ')'
   33     | expr . '+' expr
   34     | expr . '-' expr
   35     | expr . '*' expr
   36     | expr . '/' expr
   38     | expr . '<' expr
   39     | expr . LE expr
   40     | expr . '=' expr
   52 let_expr: OBJECTID ':' TYPEID ASSIGN expr . IN expr
   54         | OBJECTID ':' TYPEID ASSIGN expr . ',' let_expr

    IN   shift, and go to state 141
    LE   shift, and go to state 72
    '<'  shift, and go to state 73
    '='  shift, and go to state 74
    '+'  shift, and go to state 75
    '-'  shift, and go to state 76
    '*'  shift, and go to state 77
    '/'  shift, and go to state 78
    '@'  shift, and go to state 79
    '.'  shift, and go to state 80
    ','  shift, and go to state 142


state 136

   53 let_expr: OBJECTID ':' TYPEID ',' let_expr .

    $default  reduce using rule 53 (let_expr)


state 137

   58 case: OBJECTID ':' TYPEID . DARROW expr ';'

    DARROW  shift, and go to state 143


state 138

   24 expr: expr '@' TYPEID '.' OBJECTID '(' . expr_list ')'

    IF          shift, and go to state 40
    LET         shift, and go to state 41
    WHILE       shift, and go to state 42
    CASE        shift, and go to state 43
    NEW         shift, and go to state 44
    ISVOID      shift, and go to state 45
    STR_CONST   shift, and go to state 46
    INT_CONST   shift, and go to state 47
    BOOL_CONST  shift, and go to state 48
    OBJECTID    shift, and go to state 49
    NOT         shift, and go to state 50
    '~'         shift, and go to state 51
    '{'         shift, and go to state 52
    '('         shift, and go to state 53

    $default  reduce using rule 18 (expr_list)

    expr_list            go to state 144
    expr_list_oneOrMore  go to state 89
    expr                 go to state 90


state 139

   23 expr: expr '.' OBJECTID '(' expr_list ')' .

    $default  reduce using rule 23 (expr)


state 140

   26 expr: IF expr THEN expr ELSE expr FI .

    $default  reduce using rule 26 (expr)


state 141

   52 let_expr: OBJECTID ':' TYPEID ASSIGN expr IN . expr

    IF          shift, and go to state 40
    LET         shift, and go to state 41
    WHILE       shift, and go to state 42
    CASE        shift, and go to state 43
    NEW         shift, and go to state 44
    ISVOID      shift, and go to state 45
    STR_CONST   shift, and go to state 46
    INT_CONST   shift, and go to state 47
    BOOL_CONST  shift, and go to state 48
    OBJECTID    shift, and go to state 49
    NOT         shift, and go to state 50
    '~'         shift, and go to state 51
    '{'         shift, and go to state 52
    '('         shift, and go to state 53

    expr  go to state 145


state 142

   54 let_expr: OBJECTID ':' TYPEID ASSIGN expr ',' . let_expr

    error     shift, and go to state 57
    OBJECTID  shift, and go to state 58

    let_expr  go to state 146


state 143

   58 case: OBJECTID ':' TYPEID DARROW . expr ';'

    IF          shift, and go to state 40
    LET         shift, and go to state 41
    WHILE       shift, and go to state 42
    CASE        shift, and go to state 43
    NEW         shift, and go to state 44
    ISVOID      shift, and go to state 45
    STR_CONST   shift, and go to state 46
    INT_CONST   shift, and go to state 47
    BOOL_CONST  shift, and go to state 48
    OBJECTID    shift, and go to state 49
    NOT         shift, and go to state 50
    '~'         shift, and go to state 51
    '{'         shift, and go to state 52
    '('         shift, and go to state 53

    expr  go to state 147


state 144

   24 expr: expr '@' TYPEID '.' OBJECTID '(' expr_list . ')'

    ')'  shift, and go to state 148


state 145

   23 expr: expr . '.' OBJECTID '(' expr_list ')'
   24     | expr . '@' TYPEID '.' OBJECTID '(' expr_list ')'
   33     | expr . '+' expr
   34     | expr . '-' expr
   35     | expr . '*' expr
   36     | expr . '/' expr
   38     | expr . '<' expr
   39     | expr . LE expr
   40     | expr . '=' expr
   52 let_expr: OBJECTID ':' TYPEID ASSIGN expr IN expr .

    LE   shift, and go to state 72
    '<'  shift, and go to state 73
    '='  shift, and go to state 74
    '+'  shift, and go to state 75
    '-'  shift, and go to state 76
    '*'  shift, and go to state 77
    '/'  shift, and go to state 78
    '@'  shift, and go to state 79
    '.'  shift, and go to state 80

    LE        [reduce using rule 52 (let_expr)]
    '<'       [reduce using rule 52 (let_expr)]
    '='       [reduce using rule 52 (let_expr)]
    '+'       [reduce using rule 52 (let_expr)]
    '-'       [reduce using rule 52 (let_expr)]
    '*'       [reduce using rule 52 (let_expr)]
    '/'       [reduce using rule 52 (let_expr)]
    '@'       [reduce using rule 52 (let_expr)]
    '.'       [reduce using rule 52 (let_expr)]
    $default  reduce using rule 52 (let_expr)


state 146

   54 let_expr: OBJECTID ':' TYPEID ASSIGN expr ',' let_expr .

    $default  reduce using rule 54 (let_expr)


state 147

   23 expr: expr . '.' OBJECTID '(' expr_list ')'
   24     | expr . '@' TYPEID '.' OBJECTID '(' expr_list ')'
   33     | expr . '+' expr
   34     | expr . '-' expr
   35     | expr . '*' expr
   36     | expr . '/' expr
   38     | expr . '<' expr
   39     | expr . LE expr
   40     | expr . '=' expr
   58 case: OBJECTID ':' TYPEID DARROW expr . ';'

    LE   shift, and go to state 72
    '<'  shift, and go to state 73
    '='  shift, and go to state 74
    '+'  shift, and go to state 75
    '-'  shift, and go to state 76
    '*'  shift, and go to state 77
    '/'  shift, and go to state 78
    '@'  shift, and go to state 79
    '.'  shift, and go to state 80
    ';'  shift, and go to state 149


state 148

   24 expr: expr '@' TYPEID '.' OBJECTID '(' expr_list ')' .

    $default  reduce using rule 24 (expr)


state 149

   58 case: OBJECTID ':' TYPEID DARROW expr ';' .

    $default  reduce using rule 58 (case)
